
RAxML-NG v. 1.2.1 released on 22.12.2023 by The Exelixis Lab.
Developed by: Alexey M. Kozlov and Alexandros Stamatakis.
Contributors: Diego Darriba, Tomas Flouri, Benoit Morel, Sarah Lutteropp, Ben Bettisworth, Julia Haag, Anastasis Togkousidis.
Latest version: https://github.com/amkozlov/raxml-ng
Questions/problems/suggestions? Please visit: https://groups.google.com/forum/#!forum/raxml

System: Intel(R) Xeon(R) W-2145 CPU @ 3.70GHz, 8 cores, 31 GB RAM

RAxML-NG was called at 13-Apr-2024 22:04:36 as follows:

raxml-ng --redo --msa results/apis_vg.nonrec.fasta --model HKY+G+I --seed 20240413 --tree pars{10},rand{10}

Analysis options:
  run mode: ML tree search
  start tree(s): random (10) + parsimony (10)
  random seed: 20240413
  tip-inner: OFF
  pattern compression: ON
  per-rate scalers: OFF
  site repeats: ON
  logLH epsilon: general: 10.000000, brlen-triplet: 1000.000000
  fast spr radius: AUTO
  spr subtree cutoff: 1.000000
  fast CLV updates: ON
  branch lengths: proportional (ML estimate, algorithm: NR-FAST)
  SIMD kernels: AVX2
  parallelization: coarse-grained (auto), PTHREADS (auto)

WARNING: Running in REDO mode: existing checkpoints are ignored, and all result files will be overwritten!

[00:00:00] Reading alignment from file: results/apis_vg.nonrec.fasta
[00:00:00] Loaded alignment with 920 taxa and 6373 sites

WARNING: Sequences bc01A1_FN3_HP1 and bc01B1_FN11_HP1 are exactly identical!
WARNING: Sequences bc01A1_FN3_HP1 and bc01D4_FN24_HP1 are exactly identical!
WARNING: Sequences bc01A1_FN3_HP2 and bc02B6_FN22_HP1 are exactly identical!
WARNING: Sequences bc01A10_TX10_HP1 and bc02A12_TX26_HP1 are exactly identical!
WARNING: Sequences bc01A10_TX10_HP1 and bc02D8_TX21_HP1 are exactly identical!
WARNING: Sequences bc01A10_TX10_HP1 and bc02E8_TX22_HP1 are exactly identical!
WARNING: Sequences bc01A10_TX10_HP1 and bc02G1_TX14_HP2 are exactly identical!
WARNING: Sequences bc01A10_TX10_HP1 and bc02H1_TX15_HP1 are exactly identical!
WARNING: Sequences bc01A11_FN4_HP1 and bc01A2_SW1_HP1 are exactly identical!
WARNING: Sequences bc01A11_FN4_HP1 and bc01B12_SW15_HP2 are exactly identical!
WARNING: Sequences bc01A11_FN4_HP1 and bc01C2_SW3_HP1 are exactly identical!
WARNING: Sequences bc01A11_FN4_HP1 and bc01C5_SW5_HP2 are exactly identical!
WARNING: Sequences bc01A11_FN4_HP1 and bc02D6_RN18_HP1 are exactly identical!
WARNING: Sequences bc01A11_FN4_HP1 and bc02F6_RN20_HP2 are exactly identical!
WARNING: Sequences bc01A11_FN4_HP1 and bc02G6_RN21_HP1 are exactly identical!
WARNING: Sequences bc01A11_FN4_HP2 and bc01C11_FN13_HP1 are exactly identical!
WARNING: Sequences bc01A11_FN4_HP2 and bc01H10_FN1_HP2 are exactly identical!
WARNING: Sequences bc01A11_FN4_HP2 and bc02E2_FN15_HP1 are exactly identical!
WARNING: Sequences bc01A11_FN4_HP2 and bc02F2_FN18_HP1 are exactly identical!
WARNING: Sequences bc01A12_SW14_HP1 and bc01D11_RN11_HP1 are exactly identical!
WARNING: Sequences bc01A12_SW14_HP1 and bc01E5_SW7_HP1 are exactly identical!
WARNING: Sequences bc01A12_SW14_HP1 and bc01G8_SW11_HP2 are exactly identical!
WARNING: Sequences bc01A12_SW14_HP1 and bc02B3_RN22_HP2 are exactly identical!
WARNING: Sequences bc01A12_SW14_HP1 and bc02B7_SW23_HP1 are exactly identical!
WARNING: Sequences bc01A12_SW14_HP1 and bc02C11_CS28_HP1 are exactly identical!
WARNING: Sequences bc01A12_SW14_HP1 and bc02D3_RN17_HP1 are exactly identical!
WARNING: Sequences bc01A12_SW14_HP1 and bc02G3_SW19_HP2 are exactly identical!
WARNING: Sequences bc01A12_SW14_HP1 and bc02H10_CS25_HP1 are exactly identical!
WARNING: Sequences bc01A12_SW14_HP1 and bc02H6_SW21_HP1 are exactly identical!
WARNING: Sequences bc01A12_SW14_HP2 and bc01B12_SW15_HP1 are exactly identical!
WARNING: Sequences bc01A12_SW14_HP2 and bc01C12_SW16_HP1 are exactly identical!
WARNING: Sequences bc01A12_SW14_HP2 and bc02E3_SW17_HP2 are exactly identical!
WARNING: Sequences bc01A12_SW14_HP2 and bc02F3_SW18_HP2 are exactly identical!
WARNING: Sequences bc01A12_SW14_HP2 and bc03B6_DK9_HP1 are exactly identical!
WARNING: Sequences bc01A2_SW1_HP2 and bc01B2_SW2_HP2 are exactly identical!
WARNING: Sequences bc01A2_SW1_HP2 and bc01C12_SW16_HP2 are exactly identical!
WARNING: Sequences bc01A2_SW1_HP2 and bc01D5_SW6_HP1 are exactly identical!
WARNING: Sequences bc01A3_IR1_HP1 and bc01A3_IR1_HP2 are exactly identical!
WARNING: Sequences bc01A3_IR1_HP1 and bc01B3_IR2_HP1 are exactly identical!
WARNING: Sequences bc01A3_IR1_HP1 and bc01C3_IR3_HP1 are exactly identical!
WARNING: Sequences bc01A3_IR1_HP1 and bc01C3_IR3_HP2 are exactly identical!
WARNING: Sequences bc01A3_IR1_HP1 and bc01C6_IR5_HP1 are exactly identical!
WARNING: Sequences bc01A3_IR1_HP1 and bc01D3_IR4_HP2 are exactly identical!
WARNING: Sequences bc01A3_IR1_HP1 and bc01D6_IR6_HP1 are exactly identical!
WARNING: Sequences bc01A3_IR1_HP1 and bc01D6_IR6_HP2 are exactly identical!
WARNING: Sequences bc01A3_IR1_HP1 and bc01E6_IR7_HP1 are exactly identical!
WARNING: Sequences bc01A3_IR1_HP1 and bc01E6_IR7_HP2 are exactly identical!
WARNING: Sequences bc01A3_IR1_HP1 and bc02A8_IR22_HP1 are exactly identical!
WARNING: Sequences bc01A3_IR1_HP1 and bc02B8_IR23_HP2 are exactly identical!
WARNING: Sequences bc01A3_IR1_HP1 and bc02C8_IR24_HP2 are exactly identical!
WARNING: Sequences bc01A3_IR1_HP1 and bc02D11_IR25_HP2 are exactly identical!
WARNING: Sequences bc01A3_IR1_HP1 and bc02E1_IR16_HP2 are exactly identical!
WARNING: Sequences bc01A3_IR1_HP1 and bc02E11_IR26_HP1 are exactly identical!
WARNING: Sequences bc01A3_IR1_HP1 and bc02E11_IR26_HP2 are exactly identical!
WARNING: Sequences bc01A3_IR1_HP1 and bc02E4_IR17_HP2 are exactly identical!
WARNING: Sequences bc01A3_IR1_HP1 and bc02F11_IR27_HP1 are exactly identical!
WARNING: Sequences bc01A3_IR1_HP1 and bc02F4_IR19_HP1 are exactly identical!
WARNING: Sequences bc01A3_IR1_HP1 and bc02G11_IR28_HP1 are exactly identical!
WARNING: Sequences bc01A3_IR1_HP1 and bc02G11_IR28_HP2 are exactly identical!
WARNING: Sequences bc01A3_IR1_HP1 and bc02G4_IR20_HP1 are exactly identical!
WARNING: Sequences bc01A3_IR1_HP1 and bc02H7_IR21_HP1 are exactly identical!
WARNING: Sequences bc01A3_IR1_HP1 and bc02H7_IR21_HP2 are exactly identical!
WARNING: Sequences bc01A3_IR1_HP1 and bc05A8_IR30_HP1 are exactly identical!
WARNING: Sequences bc01A3_IR1_HP1 and bc05A8_IR30_HP2 are exactly identical!
WARNING: Sequences bc01A3_IR1_HP1 and bc05H7_IR29_HP1 are exactly identical!
WARNING: Sequences bc01A3_IR1_HP1 and bc05H7_IR29_HP2 are exactly identical!
WARNING: Sequences bc01A4_FR2_HP1 and bc02D2_FR16_HP2 are exactly identical!
WARNING: Sequences bc01A4_FR2_HP2 and bc01B4_FR3_HP2 are exactly identical!
WARNING: Sequences bc01A4_FR2_HP2 and bc02D5_FR17_HP1 are exactly identical!
WARNING: Sequences bc01A4_FR2_HP2 and bc03A1_FR30_HP1 are exactly identical!
WARNING: Sequences bc01A4_FR2_HP2 and bc05E6_FR26_HP2 are exactly identical!
WARNING: Sequences bc01A4_FR2_HP2 and bc05F6_FR27_HP2 are exactly identical!
WARNING: Sequences bc01A5_RN6_HP1 and bc01B2_SW2_HP1 are exactly identical!
WARNING: Sequences bc01A5_RN6_HP1 and bc01B5_RN7_HP1 are exactly identical!
WARNING: Sequences bc01A5_RN6_HP1 and bc01C5_SW5_HP1 are exactly identical!
WARNING: Sequences bc01A5_RN6_HP1 and bc01C8_RN10_HP1 are exactly identical!
WARNING: Sequences bc01A5_RN6_HP1 and bc01D5_SW6_HP2 are exactly identical!
WARNING: Sequences bc01A5_RN6_HP1 and bc01E8_SW9_HP2 are exactly identical!
WARNING: Sequences bc01A5_RN6_HP1 and bc01F5_SW8_HP2 are exactly identical!
WARNING: Sequences bc01A5_RN6_HP1 and bc01H11_SW13_HP2 are exactly identical!
WARNING: Sequences bc01A5_RN6_HP1 and bc02A7_SW22_HP2 are exactly identical!
WARNING: Sequences bc01A5_RN6_HP1 and bc02B3_RN22_HP1 are exactly identical!
WARNING: Sequences bc01A5_RN6_HP1 and bc02B7_SW23_HP2 are exactly identical!
WARNING: Sequences bc01A5_RN6_HP1 and bc02D10_SW25_HP2 are exactly identical!
WARNING: Sequences bc01A5_RN6_HP1 and bc02D3_RN17_HP2 are exactly identical!
WARNING: Sequences bc01A5_RN6_HP1 and bc02E10_SW26_HP1 are exactly identical!
WARNING: Sequences bc01A5_RN6_HP1 and bc02F10_SW27_HP1 are exactly identical!
WARNING: Sequences bc01A5_RN6_HP1 and bc02G10_SW28_HP2 are exactly identical!
WARNING: Sequences bc01A5_RN6_HP1 and bc02H3_SW20_HP2 are exactly identical!
WARNING: Sequences bc01A5_RN6_HP1 and bc02H9_RN23_HP2 are exactly identical!
WARNING: Sequences bc01A5_RN6_HP1 and bc03A7_DK16_HP1 are exactly identical!
WARNING: Sequences bc01A5_RN6_HP1 and bc03A8_DK24_HP1 are exactly identical!
WARNING: Sequences bc01A5_RN6_HP1 and bc03A8_DK24_HP2 are exactly identical!
WARNING: Sequences bc01A5_RN6_HP1 and bc03B6_DK9_HP2 are exactly identical!
WARNING: Sequences bc01A5_RN6_HP1 and bc03B8_DK25_HP1 are exactly identical!
WARNING: Sequences bc01A5_RN6_HP1 and bc03C1_RN33_HP2 are exactly identical!
WARNING: Sequences bc01A5_RN6_HP1 and bc03C6_DK10_HP1 are exactly identical!
WARNING: Sequences bc01A5_RN6_HP1 and bc03C7_DK18_HP1 are exactly identical!
WARNING: Sequences bc01A5_RN6_HP1 and bc03C8_DK26_HP2 are exactly identical!
WARNING: Sequences bc01A5_RN6_HP1 and bc03D6_DK11_HP2 are exactly identical!
WARNING: Sequences bc01A5_RN6_HP1 and bc03D7_DK19_HP1 are exactly identical!
WARNING: Sequences bc01A5_RN6_HP1 and bc03D7_DK19_HP2 are exactly identical!
WARNING: Sequences bc01A5_RN6_HP1 and bc03D8_DK27_HP1 are exactly identical!
WARNING: Sequences bc01A5_RN6_HP1 and bc03G8_DK30_HP2 are exactly identical!
WARNING: Sequences bc01A5_RN6_HP1 and bc03H6_DK15_HP1 are exactly identical!
WARNING: Sequences bc01A5_RN6_HP1 and bc03H7_DK23_HP2 are exactly identical!
WARNING: Sequences bc01A5_RN6_HP1 and bc05D7_SW29_HP1 are exactly identical!
WARNING: Sequences bc01A5_RN6_HP1 and bc05E7_SW30_HP1 are exactly identical!
WARNING: Sequences bc01A5_RN6_HP2 and bc01A8_RN8_HP1 are exactly identical!
WARNING: Sequences bc01A5_RN6_HP2 and bc01D11_RN11_HP2 are exactly identical!
WARNING: Sequences bc01A5_RN6_HP2 and bc01D8_RN31_HP2 are exactly identical!
WARNING: Sequences bc01A5_RN6_HP2 and bc02C3_RN16_HP1 are exactly identical!
WARNING: Sequences bc01A5_RN6_HP2 and bc02E6_RN19_HP2 are exactly identical!
WARNING: Sequences bc01A5_RN6_HP2 and bc02G6_RN21_HP2 are exactly identical!
WARNING: Sequences bc01A5_RN6_HP2 and bc03B1_RN32_HP1 are exactly identical!
WARNING: Sequences bc01A6_CS7_HP1 and bc01A9_CS9_HP2 are exactly identical!
WARNING: Sequences bc01A6_CS7_HP1 and bc01B9_CS10_HP1 are exactly identical!
WARNING: Sequences bc01A6_CS7_HP1 and bc01C9_CS11_HP1 are exactly identical!
WARNING: Sequences bc01A6_CS7_HP1 and bc01D9_CS12_HP1 are exactly identical!
WARNING: Sequences bc01A6_CS7_HP1 and bc02A11_CS26_HP2 are exactly identical!
WARNING: Sequences bc01A6_CS7_HP1 and bc02B11_CS27_HP2 are exactly identical!
WARNING: Sequences bc01A6_CS7_HP1 and bc05G7_CS30_HP2 are exactly identical!
WARNING: Sequences bc01A6_CS7_HP2 and bc01B9_CS10_HP2 are exactly identical!
WARNING: Sequences bc01A6_CS7_HP2 and bc01C9_CS11_HP2 are exactly identical!
WARNING: Sequences bc01A6_CS7_HP2 and bc01D12_CS13_HP2 are exactly identical!
WARNING: Sequences bc01A6_CS7_HP2 and bc01E12_CS14_HP2 are exactly identical!
WARNING: Sequences bc01A6_CS7_HP2 and bc01F2_CS2_HP1 are exactly identical!
WARNING: Sequences bc01A6_CS7_HP2 and bc01H2_CS4_HP2 are exactly identical!
WARNING: Sequences bc01A6_CS7_HP2 and bc01H5_CS6_HP1 are exactly identical!
WARNING: Sequences bc01A6_CS7_HP2 and bc02B4_CS18_HP2 are exactly identical!
WARNING: Sequences bc01A6_CS7_HP2 and bc02C4_CS19_HP2 are exactly identical!
WARNING: Sequences bc01A6_CS7_HP2 and bc02D7_CS21_HP1 are exactly identical!
WARNING: Sequences bc01A7_TX8_HP1 and bc01C10_TX12_HP1 are exactly identical!
WARNING: Sequences bc01A7_TX8_HP1 and bc01E3_TX1_HP1 are exactly identical!
WARNING: Sequences bc01A7_TX8_HP1 and bc01F3_TX2_HP1 are exactly identical!
WARNING: Sequences bc01A7_TX8_HP1 and bc02A5_TX18_HP1 are exactly identical!
WARNING: Sequences bc01A7_TX8_HP1 and bc02B12_TX27_HP1 are exactly identical!
WARNING: Sequences bc01A7_TX8_HP1 and bc02B5_TX19_HP1 are exactly identical!
WARNING: Sequences bc01A7_TX8_HP1 and bc02H4_TX17_HP2 are exactly identical!
WARNING: Sequences bc01A7_TX8_HP2 and bc01C10_TX12_HP2 are exactly identical!
WARNING: Sequences bc01A7_TX8_HP2 and bc01G3_TX3_HP1 are exactly identical!
WARNING: Sequences bc01A7_TX8_HP2 and bc02C12_TX28_HP1 are exactly identical!
WARNING: Sequences bc01A8_RN8_HP2 and bc01B11_FN10_HP1 are exactly identical!
WARNING: Sequences bc01A8_RN8_HP2 and bc01D8_RN31_HP1 are exactly identical!
WARNING: Sequences bc01A8_RN8_HP2 and bc01E1_RN1_HP2 are exactly identical!
WARNING: Sequences bc01A8_RN8_HP2 and bc01F11_RN13_HP2 are exactly identical!
WARNING: Sequences bc01A8_RN8_HP2 and bc01G1_RN3_HP2 are exactly identical!
WARNING: Sequences bc01A8_RN8_HP2 and bc01G11_RN14_HP2 are exactly identical!
WARNING: Sequences bc01A8_RN8_HP2 and bc01H1_RN4_HP1 are exactly identical!
WARNING: Sequences bc01A8_RN8_HP2 and bc02A3_RN15_HP1 are exactly identical!
WARNING: Sequences bc01A8_RN8_HP2 and bc02F6_RN20_HP1 are exactly identical!
WARNING: Sequences bc01A9_CS9_HP1 and bc01B4_FR3_HP1 are exactly identical!
WARNING: Sequences bc01A9_CS9_HP1 and bc01B7_FR5_HP1 are exactly identical!
WARNING: Sequences bc01A9_CS9_HP1 and bc01B7_FR5_HP2 are exactly identical!
WARNING: Sequences bc01A9_CS9_HP1 and bc01C7_FR6_HP1 are exactly identical!
WARNING: Sequences bc01A9_CS9_HP1 and bc01C7_FR6_HP2 are exactly identical!
WARNING: Sequences bc01A9_CS9_HP1 and bc02A9_FR22_HP2 are exactly identical!
WARNING: Sequences bc01A9_CS9_HP1 and bc02B1_IR13_HP1 are exactly identical!
WARNING: Sequences bc01A9_CS9_HP1 and bc02D9_FN2_HP1 are exactly identical!
WARNING: Sequences bc01A9_CS9_HP1 and bc02F12_FR29_HP1 are exactly identical!
WARNING: Sequences bc01A9_CS9_HP1 and bc02F12_FR29_HP2 are exactly identical!
WARNING: Sequences bc01A9_CS9_HP1 and bc02G5_FR20_HP2 are exactly identical!
WARNING: Sequences bc01A9_CS9_HP1 and bc02G9_FN17_HP1 are exactly identical!
WARNING: Sequences bc01A9_CS9_HP1 and bc02G9_FN17_HP2 are exactly identical!
WARNING: Sequences bc01A9_CS9_HP1 and bc02H9_RN23_HP1 are exactly identical!
WARNING: Sequences bc01A9_CS9_HP1 and bc03B2_PL7_HP2 are exactly identical!
WARNING: Sequences bc01A9_CS9_HP1 and bc03E2_PL10_HP2 are exactly identical!
WARNING: Sequences bc01A9_CS9_HP1 and bc05A7_FN28_HP2 are exactly identical!
WARNING: Sequences bc01A9_CS9_HP1 and bc05D10_IL2_HP2 are exactly identical!
WARNING: Sequences bc01A9_CS9_HP1 and bc05E10_IL4_HP1 are exactly identical!
WARNING: Sequences bc01B10_TX11_HP2 and bc01H3_TX4_HP1 are exactly identical!
WARNING: Sequences bc01B10_TX11_HP2 and bc02B5_TX19_HP2 are exactly identical!
WARNING: Sequences bc01B10_TX11_HP2 and bc02C12_TX28_HP2 are exactly identical!
WARNING: Sequences bc01B10_TX11_HP2 and bc02C3_RN16_HP2 are exactly identical!
WARNING: Sequences bc01B10_TX11_HP2 and bc02G8_TX24_HP1 are exactly identical!
WARNING: Sequences bc01B11_FN10_HP2 and bc01H10_FN1_HP1 are exactly identical!
WARNING: Sequences bc01B11_FN10_HP2 and bc02D9_FN2_HP2 are exactly identical!
WARNING: Sequences bc01B3_IR2_HP2 and bc01C6_IR5_HP2 are exactly identical!
WARNING: Sequences bc01B3_IR2_HP2 and bc01D3_IR4_HP1 are exactly identical!
WARNING: Sequences bc01B3_IR2_HP2 and bc02E4_IR17_HP1 are exactly identical!
WARNING: Sequences bc01B6_CS8_HP1 and bc01D9_CS12_HP2 are exactly identical!
WARNING: Sequences bc01B6_CS8_HP1 and bc01H2_CS4_HP1 are exactly identical!
WARNING: Sequences bc01B6_CS8_HP1 and bc02A11_CS26_HP1 are exactly identical!
WARNING: Sequences bc01B6_CS8_HP1 and bc02B11_CS27_HP1 are exactly identical!
WARNING: Sequences bc01B6_CS8_HP1 and bc02C11_CS28_HP2 are exactly identical!
WARNING: Sequences bc01B6_CS8_HP1 and bc02D4_CS20_HP2 are exactly identical!
WARNING: Sequences bc01B6_CS8_HP1 and bc02G7_CS24_HP2 are exactly identical!
WARNING: Sequences bc01B6_CS8_HP1 and bc02H10_CS25_HP2 are exactly identical!
WARNING: Sequences bc01B6_CS8_HP1 and bc05G7_CS30_HP1 are exactly identical!
WARNING: Sequences bc01B6_CS8_HP2 and bc02E7_CS22_HP2 are exactly identical!
WARNING: Sequences bc01B8_RN9_HP1 and bc01B8_RN9_HP2 are exactly identical!
WARNING: Sequences bc01C1_FN6_HP1 and bc01C1_FN6_HP2 are exactly identical!
WARNING: Sequences bc01C11_FN13_HP2 and bc02B6_FN22_HP2 are exactly identical!
WARNING: Sequences bc01C11_FN13_HP2 and bc02C6_FN25_HP2 are exactly identical!
WARNING: Sequences bc01C11_FN13_HP2 and bc02E9_FN5_HP2 are exactly identical!
WARNING: Sequences bc01C11_FN13_HP2 and bc02F2_FN18_HP2 are exactly identical!
WARNING: Sequences bc01C11_FN13_HP2 and bc02H2_FN8_HP2 are exactly identical!
WARNING: Sequences bc01C11_FN13_HP2 and bc02H5_FN14_HP2 are exactly identical!
WARNING: Sequences bc01C11_FN13_HP2 and bc03D5_DK3_HP2 are exactly identical!
WARNING: Sequences bc01C11_FN13_HP2 and bc03D8_DK27_HP2 are exactly identical!
WARNING: Sequences bc01C11_FN13_HP2 and bc03G5_DK6_HP1 are exactly identical!
WARNING: Sequences bc01C11_FN13_HP2 and bc03H5_DK7_HP1 are exactly identical!
WARNING: Sequences bc01C11_FN13_HP2 and bc03H6_DK15_HP2 are exactly identical!
WARNING: Sequences bc01C11_FN13_HP2 and bc05H6_FN23_HP2 are exactly identical!
WARNING: Sequences bc01C2_SW3_HP2 and bc01H11_SW13_HP1 are exactly identical!
WARNING: Sequences bc01C2_SW3_HP2 and bc01H8_SW12_HP2 are exactly identical!
WARNING: Sequences bc01C2_SW3_HP2 and bc02D10_SW25_HP1 are exactly identical!
WARNING: Sequences bc01C2_SW3_HP2 and bc02F10_SW27_HP2 are exactly identical!
WARNING: Sequences bc01C2_SW3_HP2 and bc02G3_SW19_HP1 are exactly identical!
WARNING: Sequences bc01C2_SW3_HP2 and bc02H2_FN8_HP1 are exactly identical!
WARNING: Sequences bc01C2_SW3_HP2 and bc02H3_SW20_HP1 are exactly identical!
WARNING: Sequences bc01C2_SW3_HP2 and bc02H6_SW21_HP2 are exactly identical!
WARNING: Sequences bc01C2_SW3_HP2 and bc03B7_DK17_HP2 are exactly identical!
WARNING: Sequences bc01C2_SW3_HP2 and bc03E7_DK20_HP1 are exactly identical!
WARNING: Sequences bc01C2_SW3_HP2 and bc03F7_DK21_HP1 are exactly identical!
WARNING: Sequences bc01C2_SW3_HP2 and bc03G7_DK22_HP1 are exactly identical!
WARNING: Sequences bc01C2_SW3_HP2 and bc03H7_DK23_HP1 are exactly identical!
WARNING: Sequences bc01C2_SW3_HP2 and bc05E7_SW30_HP2 are exactly identical!
WARNING: Sequences bc01C4_FR4_HP1 and bc03D11_MT3_HP1 are exactly identical!
WARNING: Sequences bc01C4_FR4_HP1 and bc04B10_MK19_HP1 are exactly identical!
WARNING: Sequences bc01C4_FR4_HP1 and bc04G2_SL10_HP2 are exactly identical!
WARNING: Sequences bc01C4_FR4_HP1 and bc04H2_SL11_HP1 are exactly identical!
WARNING: Sequences bc01D1_FN19_HP1 and bc01D1_FN19_HP2 are exactly identical!
WARNING: Sequences bc01D10_FR9_HP2 and bc01E7_FR8_HP1 are exactly identical!
WARNING: Sequences bc01D10_FR9_HP2 and bc01G10_FR12_HP2 are exactly identical!
WARNING: Sequences bc01D10_FR9_HP2 and bc03F3_PL19_HP2 are exactly identical!
WARNING: Sequences bc01D10_FR9_HP2 and bc03G3_PL20_HP2 are exactly identical!
WARNING: Sequences bc01D12_CS13_HP1 and bc01E12_CS14_HP1 are exactly identical!
WARNING: Sequences bc01D12_CS13_HP1 and bc01F12_CS15_HP1 are exactly identical!
WARNING: Sequences bc01D12_CS13_HP1 and bc02B4_CS18_HP1 are exactly identical!
WARNING: Sequences bc01D2_SW4_HP1 and bc01D2_SW4_HP2 are exactly identical!
WARNING: Sequences bc01D4_FN24_HP2 and bc01E4_FN27_HP2 are exactly identical!
WARNING: Sequences bc01D4_FN24_HP2 and bc01F4_FN9_HP1 are exactly identical!
WARNING: Sequences bc01D7_FR7_HP1 and bc01D7_FR7_HP2 are exactly identical!
WARNING: Sequences bc01E1_RN1_HP1 and bc03F2_PL11_HP2 are exactly identical!
WARNING: Sequences bc01E10_FR10_HP1 and bc01F10_FR11_HP2 are exactly identical!
WARNING: Sequences bc01E10_FR10_HP1 and bc01G10_FR12_HP1 are exactly identical!
WARNING: Sequences bc01E10_FR10_HP2 and bc01E7_FR8_HP2 are exactly identical!
WARNING: Sequences bc01E10_FR10_HP2 and bc03B2_PL7_HP1 are exactly identical!
WARNING: Sequences bc01E10_FR10_HP2 and bc03E2_PL10_HP1 are exactly identical!
WARNING: Sequences bc01E11_RN12_HP1 and bc01E11_RN12_HP2 are exactly identical!
WARNING: Sequences bc01E3_TX1_HP2 and bc01F3_TX2_HP2 are exactly identical!
WARNING: Sequences bc01E3_TX1_HP2 and bc01G6_TX6_HP1 are exactly identical!
WARNING: Sequences bc01E3_TX1_HP2 and bc02A5_TX18_HP2 are exactly identical!
WARNING: Sequences bc01E3_TX1_HP2 and bc02C5_TX20_HP1 are exactly identical!
WARNING: Sequences bc01E3_TX1_HP2 and bc02H11_TX25_HP2 are exactly identical!
WARNING: Sequences bc01E5_SW7_HP2 and bc01F5_SW8_HP1 are exactly identical!
WARNING: Sequences bc01E5_SW7_HP2 and bc01F8_SW10_HP2 are exactly identical!
WARNING: Sequences bc01E5_SW7_HP2 and bc01G8_SW11_HP1 are exactly identical!
WARNING: Sequences bc01E5_SW7_HP2 and bc01H8_SW12_HP1 are exactly identical!
WARNING: Sequences bc01E5_SW7_HP2 and bc02A7_SW22_HP1 are exactly identical!
WARNING: Sequences bc01E5_SW7_HP2 and bc02E10_SW26_HP2 are exactly identical!
WARNING: Sequences bc01E5_SW7_HP2 and bc02E3_SW17_HP1 are exactly identical!
WARNING: Sequences bc01E5_SW7_HP2 and bc02F3_SW18_HP1 are exactly identical!
WARNING: Sequences bc01E5_SW7_HP2 and bc02G10_SW28_HP1 are exactly identical!
WARNING: Sequences bc01E5_SW7_HP2 and bc05D7_SW29_HP2 are exactly identical!
WARNING: Sequences bc01E8_SW9_HP1 and bc03G6_DK14_HP2 are exactly identical!
WARNING: Sequences bc01F1_RN2_HP1 and bc01G1_RN3_HP1 are exactly identical!
WARNING: Sequences bc01F12_CS15_HP2 and bc02A4_CS17_HP2 are exactly identical!
WARNING: Sequences bc01F12_CS15_HP2 and bc02C4_CS19_HP1 are exactly identical!
WARNING: Sequences bc01F12_CS15_HP2 and bc02D4_CS20_HP1 are exactly identical!
WARNING: Sequences bc01F12_CS15_HP2 and bc02D7_CS21_HP2 are exactly identical!
WARNING: Sequences bc01F12_CS15_HP2 and bc02E7_CS22_HP1 are exactly identical!
WARNING: Sequences bc01F12_CS15_HP2 and bc02G7_CS24_HP1 are exactly identical!
WARNING: Sequences bc01F6_TX5_HP1 and bc02A12_TX26_HP2 are exactly identical!
WARNING: Sequences bc01F6_TX5_HP2 and bc02B12_TX27_HP2 are exactly identical!
WARNING: Sequences bc01F6_TX5_HP2 and bc02D12_TX29_HP1 are exactly identical!
WARNING: Sequences bc01F6_TX5_HP2 and bc02E12_TX30_HP2 are exactly identical!
WARNING: Sequences bc01F6_TX5_HP2 and bc02F1_TX13_HP1 are exactly identical!
WARNING: Sequences bc01F6_TX5_HP2 and bc02F8_TX23_HP2 are exactly identical!
WARNING: Sequences bc01F6_TX5_HP2 and bc03A4_PL22_HP1 are exactly identical!
WARNING: Sequences bc01F6_TX5_HP2 and bc03A4_PL22_HP2 are exactly identical!
WARNING: Sequences bc01F7_FN20_HP1 and bc01G7_FN26_HP1 are exactly identical!
WARNING: Sequences bc01F7_FN20_HP1 and bc01G7_FN26_HP2 are exactly identical!
WARNING: Sequences bc01F7_FN20_HP1 and bc01H7_FN29_HP1 are exactly identical!
WARNING: Sequences bc01F7_FN20_HP1 and bc03A7_DK16_HP2 are exactly identical!
WARNING: Sequences bc01F7_FN20_HP1 and bc03F8_DK29_HP1 are exactly identical!
WARNING: Sequences bc01F9_IR10_HP1 and bc01F9_IR10_HP2 are exactly identical!
WARNING: Sequences bc01G11_RN14_HP1 and bc02D6_RN18_HP2 are exactly identical!
WARNING: Sequences bc01G3_TX3_HP2 and bc01H3_TX4_HP2 are exactly identical!
WARNING: Sequences bc01G3_TX3_HP2 and bc01H6_TX7_HP2 are exactly identical!
WARNING: Sequences bc01G3_TX3_HP2 and bc02C6_FN25_HP1 are exactly identical!
WARNING: Sequences bc01G3_TX3_HP2 and bc02E12_TX30_HP1 are exactly identical!
WARNING: Sequences bc01G5_CS5_HP1 and bc01G5_CS5_HP2 are exactly identical!
WARNING: Sequences bc01G6_TX6_HP2 and bc02C5_TX20_HP2 are exactly identical!
WARNING: Sequences bc01G6_TX6_HP2 and bc02G8_TX24_HP2 are exactly identical!
WARNING: Sequences bc01G6_TX6_HP2 and bc02H11_TX25_HP1 are exactly identical!
WARNING: Sequences bc01G9_IR11_HP1 and bc01G9_IR11_HP2 are exactly identical!
WARNING: Sequences bc01H4_RN30_HP1 and bc01H4_RN30_HP2 are exactly identical!
WARNING: Sequences bc01H6_TX7_HP1 and bc02H4_TX17_HP1 are exactly identical!
WARNING: Sequences bc01H9_TX9_HP1 and bc01H9_TX9_HP2 are exactly identical!
WARNING: Sequences bc02A1_CS16_HP1 and bc02A1_CS16_HP2 are exactly identical!
WARNING: Sequences bc02A6_FN21_HP1 and bc02A6_FN21_HP2 are exactly identical!
WARNING: Sequences bc02C1_IR14_HP1 and bc02C1_IR14_HP2 are exactly identical!
WARNING: Sequences bc02C1_IR14_HP1 and bc02D1_IR15_HP1 are exactly identical!
WARNING: Sequences bc02C10_RN27_HP1 and bc02F11_IR27_HP2 are exactly identical!
WARNING: Sequences bc02C10_RN27_HP2 and bc06D2_AZ13_HP1 are exactly identical!
WARNING: Sequences bc02C10_RN27_HP2 and bc06D6_AZ26_HP2 are exactly identical!
WARNING: Sequences bc02C2_FR15_HP2 and bc02E5_FR18_HP2 are exactly identical!
WARNING: Sequences bc02C7_SW24_HP1 and bc02C7_SW24_HP2 are exactly identical!
WARNING: Sequences bc02C9_FR24_HP1 and bc05G6_FR28_HP2 are exactly identical!
WARNING: Sequences bc02D1_IR15_HP2 and bc02F9_FN16_HP1 are exactly identical!
WARNING: Sequences bc02D1_IR15_HP2 and bc02F9_FN16_HP2 are exactly identical!
WARNING: Sequences bc02D1_IR15_HP2 and bc05B7_RN28_HP1 are exactly identical!
WARNING: Sequences bc02E9_FN5_HP1 and bc05H6_FN23_HP1 are exactly identical!
WARNING: Sequences bc02F8_TX23_HP1 and bc02G1_TX14_HP1 are exactly identical!
WARNING: Sequences bc03A10_IT4_HP2 and bc03E10_PO4_HP1 are exactly identical!
WARNING: Sequences bc03A10_IT4_HP2 and bc03E10_PO4_HP2 are exactly identical!
WARNING: Sequences bc03A11_MK4_HP1 and bc03F10_MK1_HP1 are exactly identical!
WARNING: Sequences bc03A11_MK4_HP1 and bc03G10_MK2_HP1 are exactly identical!
WARNING: Sequences bc03A11_MK4_HP1 and bc03H10_MK3_HP1 are exactly identical!
WARNING: Sequences bc03A11_MK4_HP1 and bc04D1_PO8_HP2 are exactly identical!
WARNING: Sequences bc03A11_MK4_HP2 and bc03F10_MK1_HP2 are exactly identical!
WARNING: Sequences bc03A12_SL5_HP1 and bc03A12_SL5_HP2 are exactly identical!
WARNING: Sequences bc03A3_PL14_HP1 and bc03B3_PL15_HP2 are exactly identical!
WARNING: Sequences bc03A3_PL14_HP1 and bc03C3_PL16_HP1 are exactly identical!
WARNING: Sequences bc03A3_PL14_HP1 and bc03E3_PL18_HP2 are exactly identical!
WARNING: Sequences bc03A3_PL14_HP1 and bc03H2_PL13_HP1 are exactly identical!
WARNING: Sequences bc03A3_PL14_HP2 and bc03C3_PL16_HP2 are exactly identical!
WARNING: Sequences bc03A3_PL14_HP2 and bc03D1_PL1_HP2 are exactly identical!
WARNING: Sequences bc03A3_PL14_HP2 and bc03D3_PL17_HP1 are exactly identical!
WARNING: Sequences bc03A3_PL14_HP2 and bc03E1_PL2_HP1 are exactly identical!
WARNING: Sequences bc03A5_PL30_HP1 and bc03D4_PL25_HP2 are exactly identical!
WARNING: Sequences bc03A5_PL30_HP1 and bc06E3_MN14_HP2 are exactly identical!
WARNING: Sequences bc03A5_PL30_HP2 and bc03G4_PL28_HP2 are exactly identical!
WARNING: Sequences bc03A5_PL30_HP2 and bc05D12_NC6_HP2 are exactly identical!
WARNING: Sequences bc03A5_PL30_HP2 and bc05H9_NC2_HP2 are exactly identical!
WARNING: Sequences bc03A6_DK8_HP1 and bc03A6_DK8_HP2 are exactly identical!
WARNING: Sequences bc03A9_DK32_HP1 and bc03C8_DK26_HP1 are exactly identical!
WARNING: Sequences bc03A9_DK32_HP1 and bc03E8_DK28_HP1 are exactly identical!
WARNING: Sequences bc03A9_DK32_HP1 and bc03E8_DK28_HP2 are exactly identical!
WARNING: Sequences bc03A9_DK32_HP1 and bc03F8_DK29_HP2 are exactly identical!
WARNING: Sequences bc03A9_DK32_HP2 and bc03B8_DK25_HP2 are exactly identical!
WARNING: Sequences bc03A9_DK32_HP2 and bc03G8_DK30_HP1 are exactly identical!
WARNING: Sequences bc03B1_RN32_HP2 and bc04B2_MT6_HP2 are exactly identical!
WARNING: Sequences bc03B1_RN32_HP2 and bc06B7_NC18_HP1 are exactly identical!
WARNING: Sequences bc03B11_MT1_HP1 and bc03D11_MT3_HP2 are exactly identical!
WARNING: Sequences bc03B11_MT1_HP1 and bc03F3_PL19_HP1 are exactly identical!
WARNING: Sequences bc03B11_MT1_HP1 and bc04C4_MK11_HP1 are exactly identical!
WARNING: Sequences bc03B11_MT1_HP1 and bc04D4_MK12_HP2 are exactly identical!
WARNING: Sequences bc03B11_MT1_HP1 and bc04G2_SL10_HP1 are exactly identical!
WARNING: Sequences bc03B11_MT1_HP1 and bc05A2_MT24_HP2 are exactly identical!
WARNING: Sequences bc03B11_MT1_HP1 and bc05B6_MT29_HP2 are exactly identical!
WARNING: Sequences bc03B11_MT1_HP1 and bc05D9_AZ14_HP2 are exactly identical!
WARNING: Sequences bc03B11_MT1_HP1 and bc05E11_AZ8_HP1 are exactly identical!
WARNING: Sequences bc03B11_MT1_HP1 and bc05E4_MT25_HP2 are exactly identical!
WARNING: Sequences bc03B11_MT1_HP1 and bc05G1_MT22_HP1 are exactly identical!
WARNING: Sequences bc03B11_MT1_HP1 and bc05G11_AZ4_HP1 are exactly identical!
WARNING: Sequences bc03B11_MT1_HP1 and bc05H1_MT23_HP2 are exactly identical!
WARNING: Sequences bc03B11_MT1_HP1 and bc06A9_IL23_HP1 are exactly identical!
WARNING: Sequences bc03B11_MT1_HP1 and bc06D3_MN13_HP2 are exactly identical!
WARNING: Sequences bc03B11_MT1_HP1 and bc06D5_IL16_HP1 are exactly identical!
WARNING: Sequences bc03B11_MT1_HP1 and bc06F10_MD27_HP2 are exactly identical!
WARNING: Sequences bc03B11_MT1_HP1 and bc06G4_NC14_HP1 are exactly identical!
WARNING: Sequences bc03B11_MT1_HP1 and bc06G7_IL19_HP2 are exactly identical!
WARNING: Sequences bc03B11_MT1_HP1 and bc06H3_CA13_HP2 are exactly identical!
WARNING: Sequences bc03B11_MT1_HP2 and bc03C11_MT2_HP2 are exactly identical!
WARNING: Sequences bc03B11_MT1_HP2 and bc03D9_SL3_HP1 are exactly identical!
WARNING: Sequences bc03B11_MT1_HP2 and bc03E11_MT4_HP2 are exactly identical!
WARNING: Sequences bc03B11_MT1_HP2 and bc06D11_MN29_HP2 are exactly identical!
WARNING: Sequences bc03B11_MT1_HP2 and bc06D12_IL29_HP2 are exactly identical!
WARNING: Sequences bc03B12_SL6_HP1 and bc03C12_SL7_HP1 are exactly identical!
WARNING: Sequences bc03B12_SL6_HP1 and bc04C2_MT8_HP2 are exactly identical!
WARNING: Sequences bc03B12_SL6_HP2 and bc04A2_MT5_HP2 are exactly identical!
WARNING: Sequences bc03B12_SL6_HP2 and bc04C5_TR11_HP2 are exactly identical!
WARNING: Sequences bc03B12_SL6_HP2 and bc04D5_TR12_HP2 are exactly identical!
WARNING: Sequences bc03B4_PL23_HP1 and bc03B4_PL23_HP2 are exactly identical!
WARNING: Sequences bc03B4_PL23_HP1 and bc03D12_IT5_HP2 are exactly identical!
WARNING: Sequences bc03B4_PL23_HP1 and bc03H9_IT3_HP1 are exactly identical!
WARNING: Sequences bc03B4_PL23_HP1 and bc03H9_IT3_HP2 are exactly identical!
WARNING: Sequences bc03B4_PL23_HP1 and bc04F6_PO15_HP1 are exactly identical!
WARNING: Sequences bc03B4_PL23_HP1 and bc05D12_NC6_HP1 are exactly identical!
WARNING: Sequences bc03B4_PL23_HP1 and bc05H2_IT26_HP2 are exactly identical!
WARNING: Sequences bc03B4_PL23_HP1 and bc05H9_NC2_HP1 are exactly identical!
WARNING: Sequences bc03B4_PL23_HP1 and bc06C11_IL28_HP1 are exactly identical!
WARNING: Sequences bc03B4_PL23_HP1 and bc06C11_IL28_HP2 are exactly identical!
WARNING: Sequences bc03B4_PL23_HP1 and bc06D11_MN29_HP1 are exactly identical!
WARNING: Sequences bc03B5_DK1_HP2 and bc03C5_DK2_HP1 are exactly identical!
WARNING: Sequences bc03B5_DK1_HP2 and bc03E5_DK4_HP1 are exactly identical!
WARNING: Sequences bc03B5_DK1_HP2 and bc03E5_DK4_HP2 are exactly identical!
WARNING: Sequences bc03B5_DK1_HP2 and bc03F5_DK5_HP1 are exactly identical!
WARNING: Sequences bc03B7_DK17_HP1 and bc03C7_DK18_HP2 are exactly identical!
WARNING: Sequences bc03B7_DK17_HP1 and bc03E7_DK20_HP2 are exactly identical!
WARNING: Sequences bc03B7_DK17_HP1 and bc03G7_DK22_HP2 are exactly identical!
WARNING: Sequences bc03B9_SL1_HP1 and bc03B9_SL1_HP2 are exactly identical!
WARNING: Sequences bc03C10_PO2_HP1 and bc03C10_PO2_HP2 are exactly identical!
WARNING: Sequences bc03C11_MT2_HP1 and bc03E11_MT4_HP1 are exactly identical!
WARNING: Sequences bc03C11_MT2_HP1 and bc04H2_SL11_HP2 are exactly identical!
WARNING: Sequences bc03C11_MT2_HP1 and bc05A10_NC3_HP1 are exactly identical!
WARNING: Sequences bc03C11_MT2_HP1 and bc05C12_NC5_HP2 are exactly identical!
WARNING: Sequences bc03C11_MT2_HP1 and bc06A9_IL23_HP2 are exactly identical!
WARNING: Sequences bc03C11_MT2_HP1 and bc06C3_IL12_HP1 are exactly identical!
WARNING: Sequences bc03C11_MT2_HP1 and bc06E4_MD16_HP1 are exactly identical!
WARNING: Sequences bc03C11_MT2_HP1 and bc06F6_MD17_HP2 are exactly identical!
WARNING: Sequences bc03C11_MT2_HP1 and bc06G7_IL19_HP1 are exactly identical!
WARNING: Sequences bc03C11_MT2_HP1 and bc06G8_IL21_HP2 are exactly identical!
WARNING: Sequences bc03C11_MT2_HP1 and bc06H10_NC25_HP1 are exactly identical!
WARNING: Sequences bc03C11_MT2_HP1 and bc06H5_MN20_HP2 are exactly identical!
WARNING: Sequences bc03C12_SL7_HP2 and bc03F12_SL8_HP2 are exactly identical!
WARNING: Sequences bc03C12_SL7_HP2 and bc04B2_MT6_HP1 are exactly identical!
WARNING: Sequences bc03C12_SL7_HP2 and bc04C2_MT8_HP1 are exactly identical!
WARNING: Sequences bc03C2_PL8_HP1 and bc03F2_PL11_HP1 are exactly identical!
WARNING: Sequences bc03C2_PL8_HP1 and bc03G2_PL12_HP2 are exactly identical!
WARNING: Sequences bc03C4_PL24_HP1 and bc03C4_PL24_HP2 are exactly identical!
WARNING: Sequences bc03C5_DK2_HP2 and bc03C6_DK10_HP2 are exactly identical!
WARNING: Sequences bc03C5_DK2_HP2 and bc03D5_DK3_HP1 are exactly identical!
WARNING: Sequences bc03C5_DK2_HP2 and bc03D6_DK11_HP1 are exactly identical!
WARNING: Sequences bc03C5_DK2_HP2 and bc03E6_DK12_HP2 are exactly identical!
WARNING: Sequences bc03C5_DK2_HP2 and bc03F5_DK5_HP2 are exactly identical!
WARNING: Sequences bc03C5_DK2_HP2 and bc03F6_DK13_HP2 are exactly identical!
WARNING: Sequences bc03C5_DK2_HP2 and bc03G5_DK6_HP2 are exactly identical!
WARNING: Sequences bc03D1_PL1_HP1 and bc03E1_PL2_HP2 are exactly identical!
WARNING: Sequences bc03D1_PL1_HP1 and bc03H1_PL5_HP1 are exactly identical!
WARNING: Sequences bc03D10_PO3_HP1 and bc04G1_MK7_HP2 are exactly identical!
WARNING: Sequences bc03D10_PO3_HP2 and bc04G1_MK7_HP1 are exactly identical!
WARNING: Sequences bc03D12_IT5_HP1 and bc03E12_IT6_HP2 are exactly identical!
WARNING: Sequences bc03D9_SL3_HP2 and bc03E9_SL4_HP1 are exactly identical!
WARNING: Sequences bc03E12_IT6_HP1 and bc06A7_NC17_HP2 are exactly identical!
WARNING: Sequences bc03E12_IT6_HP1 and bc06G4_NC14_HP2 are exactly identical!
WARNING: Sequences bc03E4_PL26_HP1 and bc03E4_PL26_HP2 are exactly identical!
WARNING: Sequences bc03E6_DK12_HP1 and bc03F6_DK13_HP1 are exactly identical!
WARNING: Sequences bc03E6_DK12_HP1 and bc03G6_DK14_HP1 are exactly identical!
WARNING: Sequences bc03F1_PL3_HP2 and bc03G1_PL4_HP1 are exactly identical!
WARNING: Sequences bc03F11_TR2_HP1 and bc03G11_TR3_HP1 are exactly identical!
WARNING: Sequences bc03F11_TR2_HP1 and bc03H11_TR4_HP2 are exactly identical!
WARNING: Sequences bc03F11_TR2_HP1 and bc04A7_MK14_HP1 are exactly identical!
WARNING: Sequences bc03F11_TR2_HP1 and bc04G5_SL15_HP1 are exactly identical!
WARNING: Sequences bc03F11_TR2_HP1 and bc04H5_SL16_HP1 are exactly identical!
WARNING: Sequences bc03F11_TR2_HP1 and bc05D2_TR23_HP1 are exactly identical!
WARNING: Sequences bc03F4_PL27_HP1 and bc03F4_PL27_HP2 are exactly identical!
WARNING: Sequences bc03F4_PL27_HP1 and bc03G1_PL4_HP2 are exactly identical!
WARNING: Sequences bc03F4_PL27_HP1 and bc03G3_PL20_HP1 are exactly identical!
WARNING: Sequences bc03F4_PL27_HP1 and bc03H4_PL29_HP1 are exactly identical!
WARNING: Sequences bc03F4_PL27_HP1 and bc03H4_PL29_HP2 are exactly identical!
WARNING: Sequences bc03F9_IT1_HP2 and bc04A3_SL12_HP1 are exactly identical!
WARNING: Sequences bc03F9_IT1_HP2 and bc04F9_PO19_HP1 are exactly identical!
WARNING: Sequences bc03F9_IT1_HP2 and bc04F9_PO19_HP2 are exactly identical!
WARNING: Sequences bc03G10_MK2_HP2 and bc03H10_MK3_HP2 are exactly identical!
WARNING: Sequences bc03H11_TR4_HP1 and bc04A10_MK18_HP2 are exactly identical!
WARNING: Sequences bc03H11_TR4_HP1 and bc04A7_MK14_HP2 are exactly identical!
WARNING: Sequences bc03H11_TR4_HP1 and bc04E5_SL13_HP2 are exactly identical!
WARNING: Sequences bc03H11_TR4_HP1 and bc04F5_SL14_HP2 are exactly identical!
WARNING: Sequences bc03H11_TR4_HP1 and bc04F8_SL19_HP2 are exactly identical!
WARNING: Sequences bc03H11_TR4_HP1 and bc04G5_SL15_HP2 are exactly identical!
WARNING: Sequences bc03H11_TR4_HP1 and bc04H11_IT21_HP1 are exactly identical!
WARNING: Sequences bc03H11_TR4_HP1 and bc05B5_TR27_HP2 are exactly identical!
WARNING: Sequences bc04A1_IT7_HP1 and bc04B1_PO6_HP1 are exactly identical!
WARNING: Sequences bc04A1_IT7_HP1 and bc05A6_MK33_HP1 are exactly identical!
WARNING: Sequences bc04A1_IT7_HP1 and bc05D4_MK29_HP2 are exactly identical!
WARNING: Sequences bc04A1_IT7_HP1 and bc05F5_MK30_HP1 are exactly identical!
WARNING: Sequences bc04A10_MK18_HP1 and bc04H5_SL16_HP2 are exactly identical!
WARNING: Sequences bc04A10_MK18_HP1 and bc04H8_IT17_HP1 are exactly identical!
WARNING: Sequences bc04A11_TR18_HP1 and bc04C12_IT24_HP1 are exactly identical!
WARNING: Sequences bc04A11_TR18_HP1 and bc04C12_IT24_HP2 are exactly identical!
WARNING: Sequences bc04A11_TR18_HP1 and bc04G9_PO20_HP1 are exactly identical!
WARNING: Sequences bc04A5_TR9_HP1 and bc04C11_TR20_HP1 are exactly identical!
WARNING: Sequences bc04A5_TR9_HP1 and bc05F12_IL5_HP2 are exactly identical!
WARNING: Sequences bc04A5_TR9_HP1 and bc05F2_SL25_HP1 are exactly identical!
WARNING: Sequences bc04A5_TR9_HP1 and bc06D9_MN28_HP1 are exactly identical!
WARNING: Sequences bc04A5_TR9_HP1 and bc06D9_MN28_HP2 are exactly identical!
WARNING: Sequences bc04A6_IT14_HP1 and bc04F7_MT15_HP2 are exactly identical!
WARNING: Sequences bc04A6_IT14_HP1 and bc04G7_MT16_HP2 are exactly identical!
WARNING: Sequences bc04A6_IT14_HP1 and bc04H10_TR17_HP1 are exactly identical!
WARNING: Sequences bc04A6_IT14_HP1 and bc04H7_TR13_HP2 are exactly identical!
WARNING: Sequences bc04A6_IT14_HP2 and bc04H10_TR17_HP2 are exactly identical!
WARNING: Sequences bc04B3_IT9_HP1 and bc04E1_MK5_HP1 are exactly identical!
WARNING: Sequences bc04B4_MK10_HP1 and bc04B7_MK15_HP2 are exactly identical!
WARNING: Sequences bc04B4_MK10_HP1 and bc04C11_MK20_HP2 are exactly identical!
WARNING: Sequences bc04B4_MK10_HP1 and bc04C7_MK16_HP2 are exactly identical!
WARNING: Sequences bc04B4_MK10_HP1 and bc04D10_MT17_HP1 are exactly identical!
WARNING: Sequences bc04B4_MK10_HP1 and bc04D7_MT13_HP2 are exactly identical!
WARNING: Sequences bc04B4_MK10_HP1 and bc04E7_MT14_HP1 are exactly identical!
WARNING: Sequences bc04B4_MK10_HP1 and bc04E7_MT14_HP2 are exactly identical!
WARNING: Sequences bc04B6_IT15_HP1 and bc04E9_PO18_HP1 are exactly identical!
WARNING: Sequences bc04B6_IT15_HP2 and bc04C6_IT16_HP1 are exactly identical!
WARNING: Sequences bc04B6_IT15_HP2 and bc04D6_PO13_HP1 are exactly identical!
WARNING: Sequences bc04B6_IT15_HP2 and bc04D9_PO17_HP2 are exactly identical!
WARNING: Sequences bc04B6_IT15_HP2 and bc04E9_PO18_HP2 are exactly identical!
WARNING: Sequences bc04B8_TR15_HP1 and bc04D8_SL17_HP1 are exactly identical!
WARNING: Sequences bc04C1_PO7_HP2 and bc04F7_MT15_HP1 are exactly identical!
WARNING: Sequences bc04C9_IT20_HP1 and bc04D12_PO21_HP1 are exactly identical!
WARNING: Sequences bc04C9_IT20_HP1 and bc04E12_PO22_HP2 are exactly identical!
WARNING: Sequences bc04C9_IT20_HP1 and bc04F12_PO23_HP1 are exactly identical!
WARNING: Sequences bc04D12_PO21_HP2 and bc04E12_PO22_HP1 are exactly identical!
WARNING: Sequences bc04D12_PO21_HP2 and bc04F12_PO23_HP2 are exactly identical!
WARNING: Sequences bc04E11_SL22_HP1 and bc04E11_SL22_HP2 are exactly identical!
WARNING: Sequences bc04E11_SL22_HP1 and bc05F2_SL25_HP2 are exactly identical!
WARNING: Sequences bc04E3_PO9_HP1 and bc04F2_SL9_HP2 are exactly identical!
WARNING: Sequences bc04E3_PO9_HP1 and bc04G3_PO11_HP2 are exactly identical!
WARNING: Sequences bc04E3_PO9_HP1 and bc04H1_MK8_HP1 are exactly identical!
WARNING: Sequences bc04E3_PO9_HP1 and bc06G11_AZ20_HP2 are exactly identical!
WARNING: Sequences bc04E3_PO9_HP1 and bc06H7_AZ12_HP2 are exactly identical!
WARNING: Sequences bc04F11_SL23_HP2 and bc05D2_TR23_HP2 are exactly identical!
WARNING: Sequences bc04F4_MT10_HP1 and bc04G4_MT11_HP1 are exactly identical!
WARNING: Sequences bc04F5_SL14_HP1 and bc05A5_TR26_HP1 are exactly identical!
WARNING: Sequences bc04F5_SL14_HP1 and bc05B2_TR21_HP2 are exactly identical!
WARNING: Sequences bc04F8_SL19_HP1 and bc04H11_IT21_HP2 are exactly identical!
WARNING: Sequences bc04G4_MT11_HP2 and bc05C1_MK22_HP2 are exactly identical!
WARNING: Sequences bc04G7_MT16_HP1 and bc05E1_MK24_HP2 are exactly identical!
WARNING: Sequences bc04G8_SL20_HP1 and bc04G8_SL20_HP2 are exactly identical!
WARNING: Sequences bc04H3_PO12_HP1 and bc04H3_PO12_HP2 are exactly identical!
WARNING: Sequences bc05A10_NC3_HP2 and bc05C12_NC5_HP1 are exactly identical!
WARNING: Sequences bc05A11_CA5_HP1 and bc06C1_MN11_HP2 are exactly identical!
WARNING: Sequences bc05A11_CA5_HP1 and bc06E9_CA25_HP2 are exactly identical!
WARNING: Sequences bc05A11_CA5_HP2 and bc05G8_CA3_HP1 are exactly identical!
WARNING: Sequences bc05A11_CA5_HP2 and bc05H8_CA4_HP1 are exactly identical!
WARNING: Sequences bc05A11_CA5_HP2 and bc06E1_CA9_HP1 are exactly identical!
WARNING: Sequences bc05A12_MD8_HP1 and bc05H10_MN7_HP1 are exactly identical!
WARNING: Sequences bc05A12_MD8_HP1 and bc06C4_MD14_HP1 are exactly identical!
WARNING: Sequences bc05A12_MD8_HP1 and bc06D1_MN12_HP2 are exactly identical!
WARNING: Sequences bc05A3_IT27_HP2 and bc05C3_IT29_HP2 are exactly identical!
WARNING: Sequences bc05A3_IT27_HP2 and bc05H2_IT26_HP1 are exactly identical!
WARNING: Sequences bc05A6_MK33_HP2 and bc05G5_MK31_HP2 are exactly identical!
WARNING: Sequences bc05A6_MK33_HP2 and bc05H5_MK32_HP2 are exactly identical!
WARNING: Sequences bc05B1_MK21_HP2 and bc05D1_MK23_HP2 are exactly identical!
WARNING: Sequences bc05B11_CA7_HP1 and bc05C11_CA8_HP2 are exactly identical!
WARNING: Sequences bc05B11_CA7_HP2 and bc05G11_AZ4_HP2 are exactly identical!
WARNING: Sequences bc05B11_CA7_HP2 and bc06A12_MD29_HP1 are exactly identical!
WARNING: Sequences bc05B11_CA7_HP2 and bc06A12_MD29_HP2 are exactly identical!
WARNING: Sequences bc05B11_CA7_HP2 and bc06B12_MD30_HP1 are exactly identical!
WARNING: Sequences bc05B11_CA7_HP2 and bc06B12_MD30_HP2 are exactly identical!
WARNING: Sequences bc05B11_CA7_HP2 and bc06B7_NC18_HP2 are exactly identical!
WARNING: Sequences bc05B11_CA7_HP2 and bc06E10_MD26_HP1 are exactly identical!
WARNING: Sequences bc05B11_CA7_HP2 and bc06F2_NC9_HP2 are exactly identical!
WARNING: Sequences bc05B11_CA7_HP2 and bc06G2_NC10_HP1 are exactly identical!
WARNING: Sequences bc05B11_CA7_HP2 and bc06G2_NC10_HP2 are exactly identical!
WARNING: Sequences bc05B11_CA7_HP2 and bc06G6_MD18_HP1 are exactly identical!
WARNING: Sequences bc05B11_CA7_HP2 and bc06H2_NC11_HP1 are exactly identical!
WARNING: Sequences bc05B11_CA7_HP2 and bc06H2_NC11_HP2 are exactly identical!
WARNING: Sequences bc05B12_MD9_HP1 and bc05H11_MD7_HP2 are exactly identical!
WARNING: Sequences bc05B4_MK26_HP2 and bc05C4_MK28_HP1 are exactly identical!
WARNING: Sequences bc05B4_MK26_HP2 and bc05F5_MK30_HP2 are exactly identical!
WARNING: Sequences bc05B8_MN1_HP1 and bc05D8_MN3_HP1 are exactly identical!
WARNING: Sequences bc05B8_MN1_HP1 and bc05E8_MN4_HP1 are exactly identical!
WARNING: Sequences bc05B8_MN1_HP1 and bc05E8_MN4_HP2 are exactly identical!
WARNING: Sequences bc05B8_MN1_HP1 and bc05F10_MN5_HP1 are exactly identical!
WARNING: Sequences bc05B8_MN1_HP1 and bc05F9_MD2_HP2 are exactly identical!
WARNING: Sequences bc05B8_MN1_HP1 and bc06A6_CA17_HP2 are exactly identical!
WARNING: Sequences bc05B8_MN1_HP1 and bc06B6_CA18_HP1 are exactly identical!
WARNING: Sequences bc05B8_MN1_HP1 and bc06B6_CA18_HP2 are exactly identical!
WARNING: Sequences bc05B8_MN1_HP1 and bc06B9_MN26_HP2 are exactly identical!
WARNING: Sequences bc05B8_MN1_HP1 and bc06G5_MN19_HP1 are exactly identical!
WARNING: Sequences bc05B8_MN1_HP1 and bc06H3_CA13_HP1 are exactly identical!
WARNING: Sequences bc05B8_MN1_HP2 and bc05C8_MN2_HP1 are exactly identical!
WARNING: Sequences bc05B8_MN1_HP2 and bc05E9_MD1_HP1 are exactly identical!
WARNING: Sequences bc05B8_MN1_HP2 and bc05G9_MD3_HP2 are exactly identical!
WARNING: Sequences bc05B8_MN1_HP2 and bc06B4_CA15_HP1 are exactly identical!
WARNING: Sequences bc05B8_MN1_HP2 and bc06E8_NC22_HP1 are exactly identical!
WARNING: Sequences bc05C10_IL1_HP1 and bc05F12_IL5_HP1 are exactly identical!
WARNING: Sequences bc05C10_IL1_HP1 and bc06A1_IL6_HP1 are exactly identical!
WARNING: Sequences bc05C10_IL1_HP1 and bc06A3_IL10_HP2 are exactly identical!
WARNING: Sequences bc05C10_IL1_HP1 and bc06B8_MD23_HP2 are exactly identical!
WARNING: Sequences bc05C10_IL1_HP1 and bc06D1_MN12_HP1 are exactly identical!
WARNING: Sequences bc05C10_IL1_HP1 and bc06D4_MD15_HP2 are exactly identical!
WARNING: Sequences bc05C10_IL1_HP1 and bc06H5_MN20_HP1 are exactly identical!
WARNING: Sequences bc05C10_IL1_HP1 and bc06H6_MD20_HP1 are exactly identical!
WARNING: Sequences bc05C2_TR22_HP2 and bc05E2_TR24_HP2 are exactly identical!
WARNING: Sequences bc05C7_RN29_HP1 and bc05C7_RN29_HP2 are exactly identical!
WARNING: Sequences bc05D10_IL2_HP1 and bc06A1_IL6_HP2 are exactly identical!
WARNING: Sequences bc05D11_AZ6_HP2 and bc05H10_MN7_HP2 are exactly identical!
WARNING: Sequences bc05D3_PO25_HP2 and bc05E5_PO30_HP2 are exactly identical!
WARNING: Sequences bc05D3_PO25_HP2 and bc05F3_PO27_HP2 are exactly identical!
WARNING: Sequences bc05D3_PO25_HP2 and bc05G3_PO28_HP1 are exactly identical!
WARNING: Sequences bc05E6_FR26_HP1 and bc05F6_FR27_HP1 are exactly identical!
WARNING: Sequences bc05G9_MD3_HP1 and bc06D8_NC21_HP1 are exactly identical!
WARNING: Sequences bc06A11_NC28_HP1 and bc06B5_IL14_HP1 are exactly identical!
WARNING: Sequences bc06A11_NC28_HP1 and bc06C5_IL15_HP1 are exactly identical!
WARNING: Sequences bc06A11_NC28_HP1 and bc06E7_IL17_HP2 are exactly identical!
WARNING: Sequences bc06A2_AZ22_HP1 and bc06B2_AZ9_HP2 are exactly identical!
WARNING: Sequences bc06A2_AZ22_HP1 and bc06E6_AZ25_HP2 are exactly identical!
WARNING: Sequences bc06A2_AZ22_HP1 and bc06H1_AZ19_HP2 are exactly identical!
WARNING: Sequences bc06A7_NC17_HP1 and bc06C1_MN11_HP1 are exactly identical!
WARNING: Sequences bc06A7_NC17_HP1 and bc06F4_NC13_HP1 are exactly identical!
WARNING: Sequences bc06A8_MD21_HP2 and bc06B9_MN26_HP1 are exactly identical!
WARNING: Sequences bc06B1_IL7_HP1 and bc06B2_AZ9_HP1 are exactly identical!
WARNING: Sequences bc06B1_IL7_HP1 and bc06B3_IL11_HP2 are exactly identical!
WARNING: Sequences bc06B1_IL7_HP1 and bc06C2_AZ24_HP1 are exactly identical!
WARNING: Sequences bc06B1_IL7_HP1 and bc06C3_IL12_HP2 are exactly identical!
WARNING: Sequences bc06B5_IL14_HP2 and bc06G5_MN19_HP2 are exactly identical!
WARNING: Sequences bc06C10_AZ10_HP1 and bc06C2_AZ24_HP2 are exactly identical!
WARNING: Sequences bc06C10_AZ10_HP1 and bc06H11_AZ11_HP1 are exactly identical!
WARNING: Sequences bc06C10_AZ10_HP2 and bc06G11_AZ20_HP1 are exactly identical!
WARNING: Sequences bc06C10_AZ10_HP2 and bc06H11_AZ11_HP2 are exactly identical!
WARNING: Sequences bc06C10_AZ10_HP2 and bc06H7_AZ12_HP1 are exactly identical!
WARNING: Sequences bc06C9_MN27_HP1 and bc06C9_MN27_HP2 are exactly identical!
WARNING: Sequences bc06D10_MD25_HP2 and bc06G10_MD28_HP1 are exactly identical!
WARNING: Sequences bc06D3_MN13_HP1 and bc06E3_MN14_HP1 are exactly identical!
WARNING: Sequences bc06D3_MN13_HP1 and bc06E5_MN17_HP2 are exactly identical!
WARNING: Sequences bc06D3_MN13_HP1 and bc06F5_MN18_HP1 are exactly identical!
WARNING: Sequences bc06D3_MN13_HP1 and bc06G3_MN16_HP1 are exactly identical!
WARNING: Sequences bc06E11_CA29_HP1 and bc06G9_CA27_HP2 are exactly identical!
WARNING: Sequences bc06E11_CA29_HP1 and bc06H9_CA28_HP2 are exactly identical!
WARNING: Sequences bc06E11_CA29_HP2 and bc06E9_CA25_HP1 are exactly identical!
WARNING: Sequences bc06E12_MN32_HP1 and bc06E12_MN32_HP2 are exactly identical!
WARNING: Sequences bc06E6_AZ25_HP1 and bc06H1_AZ19_HP1 are exactly identical!
WARNING: Sequences bc06F12_NC31_HP1 and bc06F12_NC31_HP2 are exactly identical!
WARNING: Sequences bc06F5_MN18_HP2 and bc06G3_MN16_HP2 are exactly identical!
WARNING: Sequences bc06H8_IL22_HP1 and bc06H8_IL22_HP2 are exactly identical!
WARNING: Duplicate sequences found: 598

NOTE: Reduced alignment (with duplicates and gap-only sites/taxa removed) 
NOTE: was saved to: /home/reed/Projects/ApisVg/results/apis_vg.nonrec.fasta.raxml.reduced.phy

Alignment comprises 1 partitions and 643 patterns

Partition 0: noname
Model: HKY+FO+I+G4m
Alignment sites / patterns: 6373 / 643
Gaps: 4.35 %
Invariant sites: 79.44 %


NOTE: Binary MSA file created: results/apis_vg.nonrec.fasta.raxml.rba

Parallelization scheme autoconfig: 8 worker(s) x 1 thread(s)

[00:00:00] Generating 10 random starting tree(s) with 920 taxa
[00:00:00] Generating 10 parsimony starting tree(s) with 920 taxa
Parallel parsimony with 8 threads
Parallel reduction/worker buffer size: 1 KB  / 0 KB

[00:00:00] Data distribution: max. partitions/sites/weight per thread: 1 / 643 / 10288
[00:00:00] Data distribution: max. searches per worker: 3

Starting ML tree search with 20 distinct starting trees

[00:00:00 -171820.562150] Initial branch length optimization
[00:00:01 -113671.754881] Model parameter optimization (eps = 10.000000)
[00:00:10 -80092.445083] AUTODETECT spr round 1 (radius: 5)
[00:00:14 -54312.611176] AUTODETECT spr round 2 (radius: 10)
[00:00:22 -44054.223947] AUTODETECT spr round 3 (radius: 15)
[00:00:36 -37934.391990] AUTODETECT spr round 4 (radius: 20)
[00:00:59 -32918.588121] AUTODETECT spr round 5 (radius: 25)
[00:01:24 -30377.793920] SPR radius for FAST iterations: 25 (autodetect)
[00:01:24 -30377.793920] Model parameter optimization (eps = 3.000000)
[00:01:25 -30343.507484] FAST spr round 1 (radius: 25)
[00:01:42 -26005.864866] FAST spr round 2 (radius: 25)
[00:01:52 -25700.793513] FAST spr round 3 (radius: 25)
[00:01:58 -25573.701091] FAST spr round 4 (radius: 25)
[00:02:04 -25510.883245] FAST spr round 5 (radius: 25)
[00:02:09 -25509.804074] Model parameter optimization (eps = 1.000000)
[00:02:11 -25429.027840] SLOW spr round 1 (radius: 5)
[00:02:21 -25428.446114] SLOW spr round 2 (radius: 10)
[00:02:33 -25428.445541] SLOW spr round 3 (radius: 15)
[00:03:06 -25428.445522] SLOW spr round 4 (radius: 20)
[00:03:56 -25393.337092] SLOW spr round 5 (radius: 5)
[00:04:16 -25319.932046] SLOW spr round 6 (radius: 5)
[00:04:29 -25319.550327] SLOW spr round 7 (radius: 10)
[00:04:42 -25319.550227] SLOW spr round 8 (radius: 15)
[00:05:13 -25319.550216] SLOW spr round 9 (radius: 20)
[00:06:00 -25297.245816] SLOW spr round 10 (radius: 5)
[00:06:20 -25277.829535] SLOW spr round 11 (radius: 5)
[00:06:33 -25277.829191] SLOW spr round 12 (radius: 10)
[00:06:45 -25274.125604] SLOW spr round 13 (radius: 15)
[00:07:16 -25274.125584] SLOW spr round 14 (radius: 20)
[00:08:04 -25274.125572] SLOW spr round 15 (radius: 25)
[00:09:07 -25217.342894] SLOW spr round 16 (radius: 5)
[00:09:27 -25167.672461] SLOW spr round 17 (radius: 5)
[00:09:37] [worker #4] ML tree search #5, logLikelihood: -24679.860077
[00:09:41 -25167.671735] SLOW spr round 18 (radius: 10)
[00:09:54 -25167.671609] SLOW spr round 19 (radius: 15)
[00:10:27 -25167.671608] SLOW spr round 20 (radius: 20)
[00:11:19 -25167.671608] SLOW spr round 21 (radius: 25)
[00:11:44] [worker #5] ML tree search #6, logLikelihood: -24999.404476
[00:12:26 -25156.046653] SLOW spr round 22 (radius: 5)
[00:12:45] [worker #6] ML tree search #7, logLikelihood: -25072.130841
[00:12:46 -25030.774208] SLOW spr round 23 (radius: 5)
[00:12:56] [worker #7] ML tree search #8, logLikelihood: -24942.458621
[00:13:00 -25030.772610] SLOW spr round 24 (radius: 10)
[00:13:04] [worker #3] ML tree search #4, logLikelihood: -24830.010007
[00:13:13 -25030.772558] SLOW spr round 25 (radius: 15)
[00:13:13] [worker #1] ML tree search #2, logLikelihood: -24635.696837
[00:13:43] [worker #4] ML tree search #13, logLikelihood: -24630.521144
[00:13:45 -25030.772540] SLOW spr round 26 (radius: 20)
[00:14:35 -25030.772539] SLOW spr round 27 (radius: 25)
[00:15:39 -25014.244929] SLOW spr round 28 (radius: 5)
[00:15:49] [worker #2] ML tree search #3, logLikelihood: -24777.702285
[00:16:00 -24978.925984] SLOW spr round 29 (radius: 5)
[00:16:13 -24978.925013] SLOW spr round 30 (radius: 10)
[00:16:25 -24978.424781] SLOW spr round 31 (radius: 15)
[00:16:45] [worker #5] ML tree search #14, logLikelihood: -24668.224652
[00:16:49] [worker #6] ML tree search #15, logLikelihood: -24694.510288
[00:16:57 -24978.423287] SLOW spr round 32 (radius: 20)
[00:17:09] [worker #3] ML tree search #12, logLikelihood: -24643.092313
[00:17:46 -24978.422041] SLOW spr round 33 (radius: 25)
[00:18:48 -24978.421006] Model parameter optimization (eps = 0.100000)

[00:18:49] [worker #0] ML tree search #1, logLikelihood: -24977.842288

[00:18:49 -170498.935525] Initial branch length optimization
[00:18:50 -111963.984629] Model parameter optimization (eps = 10.000000)
[00:18:54 -79155.458012] AUTODETECT spr round 1 (radius: 5)
[00:18:58 -55112.316746] AUTODETECT spr round 2 (radius: 10)
[00:19:07 -42583.363404] AUTODETECT spr round 3 (radius: 15)
[00:19:20 -36003.881137] AUTODETECT spr round 4 (radius: 20)
[00:19:25] [worker #7] ML tree search #16, logLikelihood: -24670.852220
[00:19:41 -31552.793797] AUTODETECT spr round 5 (radius: 25)
[00:19:59 -28673.735205] SPR radius for FAST iterations: 25 (autodetect)
[00:19:59 -28673.735205] Model parameter optimization (eps = 3.000000)
[00:20:00 -28616.450665] FAST spr round 1 (radius: 25)
[00:20:09] [worker #2] ML tree search #11, logLikelihood: -24661.271397
[00:20:15 -25706.795726] FAST spr round 2 (radius: 25)
[00:20:25 -25405.943139] FAST spr round 3 (radius: 25)
[00:20:31 -25329.717435] FAST spr round 4 (radius: 25)
[00:20:35 -25324.965161] Model parameter optimization (eps = 1.000000)
[00:20:37 -25214.506069] SLOW spr round 1 (radius: 5)
[00:20:46 -25211.666961] SLOW spr round 2 (radius: 10)
[00:20:58 -25206.314686] SLOW spr round 3 (radius: 15)
[00:21:34 -25203.808601] SLOW spr round 4 (radius: 20)
[00:22:29 -25150.126497] SLOW spr round 5 (radius: 5)
[00:22:49 -24920.775561] SLOW spr round 6 (radius: 5)
[00:23:03 -24895.942132] SLOW spr round 7 (radius: 5)
[00:23:13 -24895.939780] SLOW spr round 8 (radius: 10)
[00:23:17] [worker #3] ML tree search #20, logLikelihood: -24706.993277
[00:23:25 -24895.939535] SLOW spr round 9 (radius: 15)
[00:24:01 -24895.939506] SLOW spr round 10 (radius: 20)
[00:24:01] [worker #2] ML tree search #19, logLikelihood: -24623.088463
[00:24:54 -24895.939499] SLOW spr round 11 (radius: 25)
[00:25:23] [worker #1] ML tree search #10, logLikelihood: -25004.059477
[00:26:03 -24840.064800] SLOW spr round 12 (radius: 5)
[00:26:23 -24802.322647] SLOW spr round 13 (radius: 5)
[00:26:36 -24802.322229] SLOW spr round 14 (radius: 10)
[00:26:50 -24796.095334] SLOW spr round 15 (radius: 15)
[00:27:27 -24796.095277] SLOW spr round 16 (radius: 20)
[00:28:32 -24793.599196] SLOW spr round 17 (radius: 25)
[00:29:18] [worker #1] ML tree search #18, logLikelihood: -24617.786562
[00:29:51 -24785.208241] Model parameter optimization (eps = 0.100000)

[00:29:52] [worker #0] ML tree search #9, logLikelihood: -24784.596451

[00:29:52 -81611.790298] Initial branch length optimization
[00:29:53 -26772.561241] Model parameter optimization (eps = 10.000000)
[00:29:54 -24966.693571] AUTODETECT spr round 1 (radius: 5)
[00:29:57 -24840.318032] AUTODETECT spr round 2 (radius: 10)
[00:30:04 -24799.535010] AUTODETECT spr round 3 (radius: 15)
[00:30:16 -24767.120302] AUTODETECT spr round 4 (radius: 20)
[00:30:34 -24736.793985] AUTODETECT spr round 5 (radius: 25)
[00:30:55 -24734.516903] SPR radius for FAST iterations: 25 (autodetect)
[00:30:55 -24734.516903] Model parameter optimization (eps = 3.000000)
[00:30:55 -24729.025784] FAST spr round 1 (radius: 25)
[00:31:06 -24673.805717] FAST spr round 2 (radius: 25)
[00:31:14 -24670.609647] Model parameter optimization (eps = 1.000000)
[00:31:15 -24670.302465] SLOW spr round 1 (radius: 5)
[00:31:26 -24669.033933] SLOW spr round 2 (radius: 10)
[00:31:36 -24669.029776] SLOW spr round 3 (radius: 15)
[00:32:04 -24669.029759] SLOW spr round 4 (radius: 20)
[00:32:42 -24669.029759] SLOW spr round 5 (radius: 25)
[00:33:38 -24664.335955] Model parameter optimization (eps = 0.100000)

[00:33:38] [worker #0] ML tree search #17, logLikelihood: -24664.142890


Optimized model parameters:

   Partition 0: noname
   Rate heterogeneity: GAMMA (4 cats, mean),  alpha: 0.233801 (ML),  weights&rates: (0.250000,0.001441) (0.250000,0.055267) (0.250000,0.466058) (0.250000,3.477234) 
   P-inv (ML): 0.645123
   Base frequencies (ML): 0.262609 0.281596 0.235132 0.220663 
   Substitution rates (ML): 1.000000 13.334991 1.000000 1.000000 13.334991 1.000000 


Final LogLikelihood: -24617.786562

AIC score: 52921.573123 / AICc score: 54422.342388 / BIC score: 65379.931696
Free parameters (model + branch lengths): 1843

WARNING: Best ML tree contains 623 near-zero branches!

Best ML tree with collapsed near-zero branches saved to: /home/reed/Projects/ApisVg/results/apis_vg.nonrec.fasta.raxml.bestTreeCollapsed
Best ML tree saved to: /home/reed/Projects/ApisVg/results/apis_vg.nonrec.fasta.raxml.bestTree
All ML trees saved to: /home/reed/Projects/ApisVg/results/apis_vg.nonrec.fasta.raxml.mlTrees
Optimized model saved to: /home/reed/Projects/ApisVg/results/apis_vg.nonrec.fasta.raxml.bestModel

Execution log saved to: /home/reed/Projects/ApisVg/results/apis_vg.nonrec.fasta.raxml.log

Analysis started: 13-Apr-2024 22:04:36 / finished: 13-Apr-2024 22:38:15

Elapsed time: 2018.881 seconds

